<?xml version="1.0" encoding="UTF-8"?>
<!-- Generated by org.testng.reporters.JUnitReportReporter -->
<testsuite skipped="0" hostname="DESKTOP-I77QQPD" name="pomClasses.KiteLoginPage" tests="1" failures="0" timestamp="2022-03-10T14:50:36 PST" time="0.016" errors="0">
  <testcase name="tc01" time="0.016" classname="pomClasses.KiteLoginPage"/>
  <system-out/>
</testsuite> <!-- pomClasses.KiteLoginPage -->
